Determining if the pthread_create exist failed with the following output:
Change Dir: /home/leo/Dropbox/Thesis/Projects/moveitNEW/build/CMakeFiles/CMakeTmp

Run Build Command:/usr/bin/make "cmTryCompileExec2153301686/fast"
/usr/bin/make -f CMakeFiles/cmTryCompileExec2153301686.dir/build.make CMakeFiles/cmTryCompileExec2153301686.dir/build
make[1]: Entering directory `/home/leo/Dropbox/Thesis/Projects/moveitNEW/build/CMakeFiles/CMakeTmp'
/usr/bin/cmake -E cmake_progress_report /home/leo/Dropbox/Thesis/Projects/moveitNEW/build/CMakeFiles/CMakeTmp/CMakeFiles 1
Building C object CMakeFiles/cmTryCompileExec2153301686.dir/CheckSymbolExists.c.o
/usr/bin/cc    -o CMakeFiles/cmTryCompileExec2153301686.dir/CheckSymbolExists.c.o   -c /home/leo/Dropbox/Thesis/Projects/moveitNEW/build/CMakeFiles/CMakeTmp/CheckSymbolExists.c
Linking C executable cmTryCompileExec2153301686
/usr/bin/cmake -E cmake_link_script CMakeFiles/cmTryCompileExec2153301686.dir/link.txt --verbose=1
/usr/bin/cc         CMakeFiles/cmTryCompileExec2153301686.dir/CheckSymbolExists.c.o  -o cmTryCompileExec2153301686 -rdynamic 
CMakeFiles/cmTryCompileExec2153301686.dir/CheckSymbolExists.c.o: In function `main':
CheckSymbolExists.c:(.text+0x16): undefined reference to `pthread_create'
collect2: error: ld returned 1 exit status
make[1]: *** [cmTryCompileExec2153301686] Error 1
make[1]: Leaving directory `/home/leo/Dropbox/Thesis/Projects/moveitNEW/build/CMakeFiles/CMakeTmp'
make: *** [cmTryCompileExec2153301686/fast] Error 2

File /home/leo/Dropbox/Thesis/Projects/moveitNEW/build/CMakeFiles/CMakeTmp/CheckSymbolExists.c:
/* */
#include <pthread.h>

int main(int argc, char** argv)
{
  (void)argv;
#ifndef pthread_create
  return ((int*)(&pthread_create))[argc];
#else
  (void)argc;
  return 0;
#endif
}

Determining if the function pthread_create exists in the pthreads failed with the following output:
Change Dir: /home/leo/Dropbox/Thesis/Projects/moveitNEW/build/CMakeFiles/CMakeTmp

Run Build Command:/usr/bin/make "cmTryCompileExec1374389498/fast"
/usr/bin/make -f CMakeFiles/cmTryCompileExec1374389498.dir/build.make CMakeFiles/cmTryCompileExec1374389498.dir/build
make[1]: Entering directory `/home/leo/Dropbox/Thesis/Projects/moveitNEW/build/CMakeFiles/CMakeTmp'
/usr/bin/cmake -E cmake_progress_report /home/leo/Dropbox/Thesis/Projects/moveitNEW/build/CMakeFiles/CMakeTmp/CMakeFiles 1
Building C object CMakeFiles/cmTryCompileExec1374389498.dir/CheckFunctionExists.c.o
/usr/bin/cc   -DCHECK_FUNCTION_EXISTS=pthread_create   -o CMakeFiles/cmTryCompileExec1374389498.dir/CheckFunctionExists.c.o   -c /usr/share/cmake-2.8/Modules/CheckFunctionExists.c
Linking C executable cmTryCompileExec1374389498
/usr/bin/cmake -E cmake_link_script CMakeFiles/cmTryCompileExec1374389498.dir/link.txt --verbose=1
/usr/bin/cc     -DCHECK_FUNCTION_EXISTS=pthread_create    CMakeFiles/cmTryCompileExec1374389498.dir/CheckFunctionExists.c.o  -o cmTryCompileExec1374389498 -rdynamic -lpthreads 
/usr/bin/ld: cannot find -lpthreads
collect2: error: ld returned 1 exit status
make[1]: *** [cmTryCompileExec1374389498] Error 1
make[1]: Leaving directory `/home/leo/Dropbox/Thesis/Projects/moveitNEW/build/CMakeFiles/CMakeTmp'
make: *** [cmTryCompileExec1374389498/fast] Error 2


Determining if the Q_WS_WIN exist failed with the following output:
Change Dir: /home/leo/Dropbox/Thesis/Projects/moveitNEW/build/CMakeFiles/CMakeTmp

Run Build Command:/usr/bin/make "cmTryCompileExec3132268624/fast"
make[1]: Entering directory `/home/leo/Dropbox/Thesis/Projects/moveitNEW/build/CMakeFiles/CMakeTmp'
/usr/bin/make -f CMakeFiles/cmTryCompileExec3132268624.dir/build.make CMakeFiles/cmTryCompileExec3132268624.dir/build
make[2]: Entering directory `/home/leo/Dropbox/Thesis/Projects/moveitNEW/build/CMakeFiles/CMakeTmp'
/usr/bin/cmake -E cmake_progress_report /home/leo/Dropbox/Thesis/Projects/moveitNEW/build/CMakeFiles/CMakeTmp/CMakeFiles 1
Building CXX object CMakeFiles/cmTryCompileExec3132268624.dir/CheckSymbolExists.cxx.o
/usr/bin/c++    -I/usr/include/qt4    -o CMakeFiles/cmTryCompileExec3132268624.dir/CheckSymbolExists.cxx.o -c /home/leo/Dropbox/Thesis/Projects/moveitNEW/build/CMakeFiles/CMakeTmp/CheckSymbolExists.cxx
/home/leo/Dropbox/Thesis/Projects/moveitNEW/build/CMakeFiles/CMakeTmp/CheckSymbolExists.cxx: In function ‘int main(int, char**)’:
/home/leo/Dropbox/Thesis/Projects/moveitNEW/build/CMakeFiles/CMakeTmp/CheckSymbolExists.cxx:8:19: error: ‘Q_WS_WIN’ was not declared in this scope
make[2]: *** [CMakeFiles/cmTryCompileExec3132268624.dir/CheckSymbolExists.cxx.o] Error 1
make[2]: Leaving directory `/home/leo/Dropbox/Thesis/Projects/moveitNEW/build/CMakeFiles/CMakeTmp'
make[1]: Leaving directory `/home/leo/Dropbox/Thesis/Projects/moveitNEW/build/CMakeFiles/CMakeTmp'
make[1]: *** [cmTryCompileExec3132268624/fast] Error 2

File /home/leo/Dropbox/Thesis/Projects/moveitNEW/build/CMakeFiles/CMakeTmp/CheckSymbolExists.cxx:
/* */
#include <QtCore/qglobal.h>

int main(int argc, char** argv)
{
  (void)argv;
#ifndef Q_WS_WIN
  return ((int*)(&Q_WS_WIN))[argc];
#else
  (void)argc;
  return 0;
#endif
}

Determining if the Q_WS_QWS exist failed with the following output:
Change Dir: /home/leo/Dropbox/Thesis/Projects/moveitNEW/build/CMakeFiles/CMakeTmp

Run Build Command:/usr/bin/make "cmTryCompileExec2411281601/fast"
make[1]: Entering directory `/home/leo/Dropbox/Thesis/Projects/moveitNEW/build/CMakeFiles/CMakeTmp'
/usr/bin/make -f CMakeFiles/cmTryCompileExec2411281601.dir/build.make CMakeFiles/cmTryCompileExec2411281601.dir/build
make[2]: Entering directory `/home/leo/Dropbox/Thesis/Projects/moveitNEW/build/CMakeFiles/CMakeTmp'
/usr/bin/cmake -E cmake_progress_report /home/leo/Dropbox/Thesis/Projects/moveitNEW/build/CMakeFiles/CMakeTmp/CMakeFiles 1
Building CXX object CMakeFiles/cmTryCompileExec2411281601.dir/CheckSymbolExists.cxx.o
/usr/bin/c++    -I/usr/include/qt4    -o CMakeFiles/cmTryCompileExec2411281601.dir/CheckSymbolExists.cxx.o -c /home/leo/Dropbox/Thesis/Projects/moveitNEW/build/CMakeFiles/CMakeTmp/CheckSymbolExists.cxx
/home/leo/Dropbox/Thesis/Projects/moveitNEW/build/CMakeFiles/CMakeTmp/CheckSymbolExists.cxx: In function ‘int main(int, char**)’:
/home/leo/Dropbox/Thesis/Projects/moveitNEW/build/CMakeFiles/CMakeTmp/CheckSymbolExists.cxx:8:19: error: ‘Q_WS_QWS’ was not declared in this scope
make[2]: *** [CMakeFiles/cmTryCompileExec2411281601.dir/CheckSymbolExists.cxx.o] Error 1
make[2]: Leaving directory `/home/leo/Dropbox/Thesis/Projects/moveitNEW/build/CMakeFiles/CMakeTmp'
make[1]: *** [cmTryCompileExec2411281601/fast] Error 2
make[1]: Leaving directory `/home/leo/Dropbox/Thesis/Projects/moveitNEW/build/CMakeFiles/CMakeTmp'

File /home/leo/Dropbox/Thesis/Projects/moveitNEW/build/CMakeFiles/CMakeTmp/CheckSymbolExists.cxx:
/* */
#include <QtCore/qglobal.h>

int main(int argc, char** argv)
{
  (void)argv;
#ifndef Q_WS_QWS
  return ((int*)(&Q_WS_QWS))[argc];
#else
  (void)argc;
  return 0;
#endif
}

Determining if the Q_WS_MAC exist failed with the following output:
Change Dir: /home/leo/Dropbox/Thesis/Projects/moveitNEW/build/CMakeFiles/CMakeTmp

Run Build Command:/usr/bin/make "cmTryCompileExec3330215211/fast"
make[1]: Entering directory `/home/leo/Dropbox/Thesis/Projects/moveitNEW/build/CMakeFiles/CMakeTmp'
/usr/bin/make -f CMakeFiles/cmTryCompileExec3330215211.dir/build.make CMakeFiles/cmTryCompileExec3330215211.dir/build
make[2]: Entering directory `/home/leo/Dropbox/Thesis/Projects/moveitNEW/build/CMakeFiles/CMakeTmp'
/usr/bin/cmake -E cmake_progress_report /home/leo/Dropbox/Thesis/Projects/moveitNEW/build/CMakeFiles/CMakeTmp/CMakeFiles 1
Building CXX object CMakeFiles/cmTryCompileExec3330215211.dir/CheckSymbolExists.cxx.o
/usr/bin/c++    -I/usr/include/qt4    -o CMakeFiles/cmTryCompileExec3330215211.dir/CheckSymbolExists.cxx.o -c /home/leo/Dropbox/Thesis/Projects/moveitNEW/build/CMakeFiles/CMakeTmp/CheckSymbolExists.cxx
/home/leo/Dropbox/Thesis/Projects/moveitNEW/build/CMakeFiles/CMakeTmp/CheckSymbolExists.cxx: In function ‘int main(int, char**)’:
/home/leo/Dropbox/Thesis/Projects/moveitNEW/build/CMakeFiles/CMakeTmp/CheckSymbolExists.cxx:8:19: error: ‘Q_WS_MAC’ was not declared in this scope
make[2]: *** [CMakeFiles/cmTryCompileExec3330215211.dir/CheckSymbolExists.cxx.o] Error 1
make[2]: Leaving directory `/home/leo/Dropbox/Thesis/Projects/moveitNEW/build/CMakeFiles/CMakeTmp'
make[1]: *** [cmTryCompileExec3330215211/fast] Error 2
make[1]: Leaving directory `/home/leo/Dropbox/Thesis/Projects/moveitNEW/build/CMakeFiles/CMakeTmp'

File /home/leo/Dropbox/Thesis/Projects/moveitNEW/build/CMakeFiles/CMakeTmp/CheckSymbolExists.cxx:
/* */
#include <QtCore/qglobal.h>

int main(int argc, char** argv)
{
  (void)argv;
#ifndef Q_WS_MAC
  return ((int*)(&Q_WS_MAC))[argc];
#else
  (void)argc;
  return 0;
#endif
}

Determining if the pthread_create exist failed with the following output:
Change Dir: /home/leo/Dropbox/Thesis/Projects/moveitNEW/build/CMakeFiles/CMakeTmp

Run Build Command:/usr/bin/make "cmTryCompileExec295682856/fast"
make[1]: Entering directory `/home/leo/Dropbox/Thesis/Projects/moveitNEW/build/CMakeFiles/CMakeTmp'
/usr/bin/make -f CMakeFiles/cmTryCompileExec295682856.dir/build.make CMakeFiles/cmTryCompileExec295682856.dir/build
make[2]: Entering directory `/home/leo/Dropbox/Thesis/Projects/moveitNEW/build/CMakeFiles/CMakeTmp'
/usr/bin/cmake -E cmake_progress_report /home/leo/Dropbox/Thesis/Projects/moveitNEW/build/CMakeFiles/CMakeTmp/CMakeFiles 1
Building C object CMakeFiles/cmTryCompileExec295682856.dir/CheckSymbolExists.c.o
/usr/bin/cc    -o CMakeFiles/cmTryCompileExec295682856.dir/CheckSymbolExists.c.o   -c /home/leo/Dropbox/Thesis/Projects/moveitNEW/build/CMakeFiles/CMakeTmp/CheckSymbolExists.c
Linking C executable cmTryCompileExec295682856
/usr/bin/cmake -E cmake_link_script CMakeFiles/cmTryCompileExec295682856.dir/link.txt --verbose=1
/usr/bin/cc         CMakeFiles/cmTryCompileExec295682856.dir/CheckSymbolExists.c.o  -o cmTryCompileExec295682856 -rdynamic 
CMakeFiles/cmTryCompileExec295682856.dir/CheckSymbolExists.c.o: In function `main':
CheckSymbolExists.c:(.text+0x16): undefined reference to `pthread_create'
collect2: error: ld returned 1 exit status
make[2]: *** [cmTryCompileExec295682856] Error 1
make[2]: Leaving directory `/home/leo/Dropbox/Thesis/Projects/moveitNEW/build/CMakeFiles/CMakeTmp'
make[1]: *** [cmTryCompileExec295682856/fast] Error 2
make[1]: Leaving directory `/home/leo/Dropbox/Thesis/Projects/moveitNEW/build/CMakeFiles/CMakeTmp'

File /home/leo/Dropbox/Thesis/Projects/moveitNEW/build/CMakeFiles/CMakeTmp/CheckSymbolExists.c:
/* */
#include <pthread.h>

int main(int argc, char** argv)
{
  (void)argv;
#ifndef pthread_create
  return ((int*)(&pthread_create))[argc];
#else
  (void)argc;
  return 0;
#endif
}

Determining if the function pthread_create exists in the pthreads failed with the following output:
Change Dir: /home/leo/Dropbox/Thesis/Projects/moveitNEW/build/CMakeFiles/CMakeTmp

Run Build Command:/usr/bin/make "cmTryCompileExec373727200/fast"
make[1]: Entering directory `/home/leo/Dropbox/Thesis/Projects/moveitNEW/build/CMakeFiles/CMakeTmp'
/usr/bin/make -f CMakeFiles/cmTryCompileExec373727200.dir/build.make CMakeFiles/cmTryCompileExec373727200.dir/build
make[2]: Entering directory `/home/leo/Dropbox/Thesis/Projects/moveitNEW/build/CMakeFiles/CMakeTmp'
/usr/bin/cmake -E cmake_progress_report /home/leo/Dropbox/Thesis/Projects/moveitNEW/build/CMakeFiles/CMakeTmp/CMakeFiles 1
Building C object CMakeFiles/cmTryCompileExec373727200.dir/CheckFunctionExists.c.o
/usr/bin/cc   -DCHECK_FUNCTION_EXISTS=pthread_create   -o CMakeFiles/cmTryCompileExec373727200.dir/CheckFunctionExists.c.o   -c /usr/share/cmake-2.8/Modules/CheckFunctionExists.c
Linking C executable cmTryCompileExec373727200
/usr/bin/cmake -E cmake_link_script CMakeFiles/cmTryCompileExec373727200.dir/link.txt --verbose=1
/usr/bin/cc     -DCHECK_FUNCTION_EXISTS=pthread_create    CMakeFiles/cmTryCompileExec373727200.dir/CheckFunctionExists.c.o  -o cmTryCompileExec373727200 -rdynamic -lpthreads 
/usr/bin/ld: cannot find -lpthreads
collect2: error: ld returned 1 exit status
make[2]: *** [cmTryCompileExec373727200] Error 1
make[2]: Leaving directory `/home/leo/Dropbox/Thesis/Projects/moveitNEW/build/CMakeFiles/CMakeTmp'
make[1]: *** [cmTryCompileExec373727200/fast] Error 2
make[1]: Leaving directory `/home/leo/Dropbox/Thesis/Projects/moveitNEW/build/CMakeFiles/CMakeTmp'


Determining if the Q_WS_WIN exist failed with the following output:
Change Dir: /home/leo/Dropbox/Thesis/Projects/moveitNEW/build/CMakeFiles/CMakeTmp

Run Build Command:/usr/bin/make "cmTryCompileExec3814024452/fast"
make[1]: Entering directory `/home/leo/Dropbox/Thesis/Projects/moveitNEW/build/CMakeFiles/CMakeTmp'
/usr/bin/make -f CMakeFiles/cmTryCompileExec3814024452.dir/build.make CMakeFiles/cmTryCompileExec3814024452.dir/build
make[2]: Entering directory `/home/leo/Dropbox/Thesis/Projects/moveitNEW/build/CMakeFiles/CMakeTmp'
/usr/bin/cmake -E cmake_progress_report /home/leo/Dropbox/Thesis/Projects/moveitNEW/build/CMakeFiles/CMakeTmp/CMakeFiles 1
Building CXX object CMakeFiles/cmTryCompileExec3814024452.dir/CheckSymbolExists.cxx.o
/usr/bin/c++    -I/usr/include/qt4    -o CMakeFiles/cmTryCompileExec3814024452.dir/CheckSymbolExists.cxx.o -c /home/leo/Dropbox/Thesis/Projects/moveitNEW/build/CMakeFiles/CMakeTmp/CheckSymbolExists.cxx
/home/leo/Dropbox/Thesis/Projects/moveitNEW/build/CMakeFiles/CMakeTmp/CheckSymbolExists.cxx: In function ‘int main(int, char**)’:
/home/leo/Dropbox/Thesis/Projects/moveitNEW/build/CMakeFiles/CMakeTmp/CheckSymbolExists.cxx:8:19: error: ‘Q_WS_WIN’ was not declared in this scope
make[2]: *** [CMakeFiles/cmTryCompileExec3814024452.dir/CheckSymbolExists.cxx.o] Error 1
make[2]: Leaving directory `/home/leo/Dropbox/Thesis/Projects/moveitNEW/build/CMakeFiles/CMakeTmp'
make[1]: *** [cmTryCompileExec3814024452/fast] Error 2
make[1]: Leaving directory `/home/leo/Dropbox/Thesis/Projects/moveitNEW/build/CMakeFiles/CMakeTmp'

File /home/leo/Dropbox/Thesis/Projects/moveitNEW/build/CMakeFiles/CMakeTmp/CheckSymbolExists.cxx:
/* */
#include <QtCore/qglobal.h>

int main(int argc, char** argv)
{
  (void)argv;
#ifndef Q_WS_WIN
  return ((int*)(&Q_WS_WIN))[argc];
#else
  (void)argc;
  return 0;
#endif
}

Determining if the Q_WS_QWS exist failed with the following output:
Change Dir: /home/leo/Dropbox/Thesis/Projects/moveitNEW/build/CMakeFiles/CMakeTmp

Run Build Command:/usr/bin/make "cmTryCompileExec650236617/fast"
make[1]: Entering directory `/home/leo/Dropbox/Thesis/Projects/moveitNEW/build/CMakeFiles/CMakeTmp'
/usr/bin/make -f CMakeFiles/cmTryCompileExec650236617.dir/build.make CMakeFiles/cmTryCompileExec650236617.dir/build
make[2]: Entering directory `/home/leo/Dropbox/Thesis/Projects/moveitNEW/build/CMakeFiles/CMakeTmp'
/usr/bin/cmake -E cmake_progress_report /home/leo/Dropbox/Thesis/Projects/moveitNEW/build/CMakeFiles/CMakeTmp/CMakeFiles 1
Building CXX object CMakeFiles/cmTryCompileExec650236617.dir/CheckSymbolExists.cxx.o
/usr/bin/c++    -I/usr/include/qt4    -o CMakeFiles/cmTryCompileExec650236617.dir/CheckSymbolExists.cxx.o -c /home/leo/Dropbox/Thesis/Projects/moveitNEW/build/CMakeFiles/CMakeTmp/CheckSymbolExists.cxx
/home/leo/Dropbox/Thesis/Projects/moveitNEW/build/CMakeFiles/CMakeTmp/CheckSymbolExists.cxx: In function ‘int main(int, char**)’:
/home/leo/Dropbox/Thesis/Projects/moveitNEW/build/CMakeFiles/CMakeTmp/CheckSymbolExists.cxx:8:19: error: ‘Q_WS_QWS’ was not declared in this scope
make[2]: Leaving directory `/home/leo/Dropbox/Thesis/Projects/moveitNEW/build/CMakeFiles/CMakeTmp'
make[2]: *** [CMakeFiles/cmTryCompileExec650236617.dir/CheckSymbolExists.cxx.o] Error 1
make[1]: *** [cmTryCompileExec650236617/fast] Error 2
make[1]: Leaving directory `/home/leo/Dropbox/Thesis/Projects/moveitNEW/build/CMakeFiles/CMakeTmp'

File /home/leo/Dropbox/Thesis/Projects/moveitNEW/build/CMakeFiles/CMakeTmp/CheckSymbolExists.cxx:
/* */
#include <QtCore/qglobal.h>

int main(int argc, char** argv)
{
  (void)argv;
#ifndef Q_WS_QWS
  return ((int*)(&Q_WS_QWS))[argc];
#else
  (void)argc;
  return 0;
#endif
}

Determining if the Q_WS_MAC exist failed with the following output:
Change Dir: /home/leo/Dropbox/Thesis/Projects/moveitNEW/build/CMakeFiles/CMakeTmp

Run Build Command:/usr/bin/make "cmTryCompileExec3981276792/fast"
make[1]: Entering directory `/home/leo/Dropbox/Thesis/Projects/moveitNEW/build/CMakeFiles/CMakeTmp'
/usr/bin/make -f CMakeFiles/cmTryCompileExec3981276792.dir/build.make CMakeFiles/cmTryCompileExec3981276792.dir/build
make[2]: Entering directory `/home/leo/Dropbox/Thesis/Projects/moveitNEW/build/CMakeFiles/CMakeTmp'
/usr/bin/cmake -E cmake_progress_report /home/leo/Dropbox/Thesis/Projects/moveitNEW/build/CMakeFiles/CMakeTmp/CMakeFiles 1
Building CXX object CMakeFiles/cmTryCompileExec3981276792.dir/CheckSymbolExists.cxx.o
/usr/bin/c++    -I/usr/include/qt4    -o CMakeFiles/cmTryCompileExec3981276792.dir/CheckSymbolExists.cxx.o -c /home/leo/Dropbox/Thesis/Projects/moveitNEW/build/CMakeFiles/CMakeTmp/CheckSymbolExists.cxx
/home/leo/Dropbox/Thesis/Projects/moveitNEW/build/CMakeFiles/CMakeTmp/CheckSymbolExists.cxx: In function ‘int main(int, char**)’:
/home/leo/Dropbox/Thesis/Projects/moveitNEW/build/CMakeFiles/CMakeTmp/CheckSymbolExists.cxx:8:19: error: ‘Q_WS_MAC’ was not declared in this scope
make[2]: *** [CMakeFiles/cmTryCompileExec3981276792.dir/CheckSymbolExists.cxx.o] Error 1
make[2]: Leaving directory `/home/leo/Dropbox/Thesis/Projects/moveitNEW/build/CMakeFiles/CMakeTmp'
make[1]: Leaving directory `/home/leo/Dropbox/Thesis/Projects/moveitNEW/build/CMakeFiles/CMakeTmp'
make[1]: *** [cmTryCompileExec3981276792/fast] Error 2

File /home/leo/Dropbox/Thesis/Projects/moveitNEW/build/CMakeFiles/CMakeTmp/CheckSymbolExists.cxx:
/* */
#include <QtCore/qglobal.h>

int main(int argc, char** argv)
{
  (void)argv;
#ifndef Q_WS_MAC
  return ((int*)(&Q_WS_MAC))[argc];
#else
  (void)argc;
  return 0;
#endif
}

